-------------------------------------------------------------------------------
Test set: edu.co.sena.tiendaenlineacrood.PagoTestJPA
-------------------------------------------------------------------------------
Tests run: 1, Failures: 0, Errors: 1, Skipped: 0, Time elapsed: 6.318 sec <<< FAILURE!
buscarNumeroDeTarjetaDeCretido(edu.co.sena.tiendaenlineacrood.PagoTestJPA)  Time elapsed: 6.229 sec  <<< ERROR!
javax.persistence.PersistenceException: Exception [EclipseLink-4002] (Eclipse Persistence Services - 2.5.2.v20140319-9ad6abd): org.eclipse.persistence.exceptions.DatabaseException
Internal Exception: com.mysql.jdbc.exceptions.jdbc4.MySQLSyntaxErrorException: Table 'tiendaenlinea.domicilio_cuenta' doesn't exist
Error Code: 1146
Call: SELECT barrio, direccion, localidad, telefono, Cuenta_tipoDocumento, Cuenta_numeroDocumento, Municipio_idMunicipio FROM domicilio_cuenta WHERE ((Cuenta_tipoDocumento = ?) AND (Cuenta_numeroDocumento = ?))
	bind => [T.I, 97101306287]
Query: ReadObjectQuery(name="domicilioCuenta" referenceClass=DomicilioCuenta )
	at org.eclipse.persistence.internal.jpa.QueryImpl.getDetailedException(QueryImpl.java:378)
	at org.eclipse.persistence.internal.jpa.QueryImpl.executeReadQuery(QueryImpl.java:260)
	at org.eclipse.persistence.internal.jpa.QueryImpl.getResultList(QueryImpl.java:469)
	at edu.co.sena.tiendaenlineacrood.PagoTestJPA.buscarNumeroDeTarjetaDeCretido(PagoTestJPA.java:129)
	at sun.reflect.NativeMethodAccessorImpl.invoke0(Native Method)
	at sun.reflect.NativeMethodAccessorImpl.invoke(NativeMethodAccessorImpl.java:62)
	at sun.reflect.DelegatingMethodAccessorImpl.invoke(DelegatingMethodAccessorImpl.java:43)
	at java.lang.reflect.Method.invoke(Method.java:483)
	at org.junit.runners.model.FrameworkMethod$1.runReflectiveCall(FrameworkMethod.java:45)
	at org.junit.internal.runners.model.ReflectiveCallable.run(ReflectiveCallable.java:15)
	at org.junit.runners.model.FrameworkMethod.invokeExplosively(FrameworkMethod.java:42)
	at org.junit.internal.runners.statements.InvokeMethod.evaluate(InvokeMethod.java:20)
	at org.junit.internal.runners.statements.RunBefores.evaluate(RunBefores.java:28)
	at org.junit.internal.runners.statements.RunAfters.evaluate(RunAfters.java:30)
	at org.junit.runners.ParentRunner.runLeaf(ParentRunner.java:263)
	at org.junit.runners.BlockJUnit4ClassRunner.runChild(BlockJUnit4ClassRunner.java:68)
	at org.junit.runners.BlockJUnit4ClassRunner.runChild(BlockJUnit4ClassRunner.java:47)
	at org.junit.runners.ParentRunner$3.run(ParentRunner.java:231)
	at org.junit.runners.ParentRunner$1.schedule(ParentRunner.java:60)
	at org.junit.runners.ParentRunner.runChildren(ParentRunner.java:229)
	at org.junit.runners.ParentRunner.access$000(ParentRunner.java:50)
	at org.junit.runners.ParentRunner$2.evaluate(ParentRunner.java:222)
	at org.junit.internal.runners.statements.RunBefores.evaluate(RunBefores.java:28)
	at org.junit.internal.runners.statements.RunAfters.evaluate(RunAfters.java:30)
	at org.junit.runners.ParentRunner.run(ParentRunner.java:300)
	at org.apache.maven.surefire.junit4.JUnit4TestSet.execute(JUnit4TestSet.java:45)
	at org.apache.maven.surefire.junit4.JUnit4Provider.executeTestSet(JUnit4Provider.java:123)
	at org.apache.maven.surefire.junit4.JUnit4Provider.invoke(JUnit4Provider.java:104)
	at sun.reflect.NativeMethodAccessorImpl.invoke0(Native Method)
	at sun.reflect.NativeMethodAccessorImpl.invoke(NativeMethodAccessorImpl.java:62)
	at sun.reflect.DelegatingMethodAccessorImpl.invoke(DelegatingMethodAccessorImpl.java:43)
	at java.lang.reflect.Method.invoke(Method.java:483)
	at org.apache.maven.surefire.util.ReflectionUtils.invokeMethodWithArray(ReflectionUtils.java:164)
	at org.apache.maven.surefire.booter.ProviderFactory$ProviderProxy.invoke(ProviderFactory.java:110)
	at org.apache.maven.surefire.booter.SurefireStarter.invokeProvider(SurefireStarter.java:175)
	at org.apache.maven.surefire.booter.SurefireStarter.runSuitesInProcessWhenForked(SurefireStarter.java:107)
	at org.apache.maven.surefire.booter.ForkedBooter.main(ForkedBooter.java:68)
Caused by: Exception [EclipseLink-4002] (Eclipse Persistence Services - 2.5.2.v20140319-9ad6abd): org.eclipse.persistence.exceptions.DatabaseException
Internal Exception: com.mysql.jdbc.exceptions.jdbc4.MySQLSyntaxErrorException: Table 'tiendaenlinea.domicilio_cuenta' doesn't exist
Error Code: 1146
Call: SELECT barrio, direccion, localidad, telefono, Cuenta_tipoDocumento, Cuenta_numeroDocumento, Municipio_idMunicipio FROM domicilio_cuenta WHERE ((Cuenta_tipoDocumento = ?) AND (Cuenta_numeroDocumento = ?))
	bind => [T.I, 97101306287]
Query: ReadObjectQuery(name="domicilioCuenta" referenceClass=DomicilioCuenta )
	at org.eclipse.persistence.exceptions.DatabaseException.sqlException(DatabaseException.java:340)
	at org.eclipse.persistence.internal.databaseaccess.DatabaseAccessor.basicExecuteCall(DatabaseAccessor.java:682)
	at org.eclipse.persistence.internal.databaseaccess.DatabaseAccessor.executeCall(DatabaseAccessor.java:558)
	at org.eclipse.persistence.internal.sessions.AbstractSession.basicExecuteCall(AbstractSession.java:2002)
	at org.eclipse.persistence.sessions.server.ServerSession.executeCall(ServerSession.java:570)
	at org.eclipse.persistence.internal.queries.DatasourceCallQueryMechanism.executeCall(DatasourceCallQueryMechanism.java:242)
	at org.eclipse.persistence.internal.queries.DatasourceCallQueryMechanism.executeCall(DatasourceCallQueryMechanism.java:228)
	at org.eclipse.persistence.internal.queries.DatasourceCallQueryMechanism.selectOneRow(DatasourceCallQueryMechanism.java:714)
	at org.eclipse.persistence.internal.queries.ExpressionQueryMechanism.selectOneRowFromTable(ExpressionQueryMechanism.java:2801)
	at org.eclipse.persistence.internal.queries.ExpressionQueryMechanism.selectOneRow(ExpressionQueryMechanism.java:2754)
	at org.eclipse.persistence.queries.ReadObjectQuery.executeObjectLevelReadQuery(ReadObjectQuery.java:545)
	at org.eclipse.persistence.queries.ObjectLevelReadQuery.executeDatabaseQuery(ObjectLevelReadQuery.java:1168)
	at org.eclipse.persistence.queries.DatabaseQuery.execute(DatabaseQuery.java:899)
	at org.eclipse.persistence.queries.ObjectLevelReadQuery.execute(ObjectLevelReadQuery.java:1127)
	at org.eclipse.persistence.queries.ReadObjectQuery.execute(ReadObjectQuery.java:431)
	at org.eclipse.persistence.internal.sessions.AbstractSession.internalExecuteQuery(AbstractSession.java:3214)
	at org.eclipse.persistence.internal.sessions.AbstractSession.executeQuery(AbstractSession.java:1804)
	at org.eclipse.persistence.internal.sessions.AbstractSession.executeQuery(AbstractSession.java:1786)
	at org.eclipse.persistence.internal.indirection.NoIndirectionPolicy.valueFromQuery(NoIndirectionPolicy.java:326)
	at org.eclipse.persistence.mappings.ForeignReferenceMapping.valueFromRowInternal(ForeignReferenceMapping.java:2294)
	at org.eclipse.persistence.mappings.OneToOneMapping.valueFromRowInternal(OneToOneMapping.java:1860)
	at org.eclipse.persistence.mappings.ForeignReferenceMapping.valueFromRow(ForeignReferenceMapping.java:2144)
	at org.eclipse.persistence.mappings.ForeignReferenceMapping.readFromRowIntoObject(ForeignReferenceMapping.java:1471)
	at org.eclipse.persistence.internal.descriptors.ObjectBuilder.buildAttributesIntoObject(ObjectBuilder.java:461)
	at org.eclipse.persistence.internal.descriptors.ObjectBuilder.buildObject(ObjectBuilder.java:1004)
	at org.eclipse.persistence.internal.descriptors.ObjectBuilder.buildObject(ObjectBuilder.java:736)
	at org.eclipse.persistence.internal.descriptors.ObjectBuilder.buildObject(ObjectBuilder.java:688)
	at org.eclipse.persistence.queries.ObjectLevelReadQuery.buildObject(ObjectLevelReadQuery.java:795)
	at org.eclipse.persistence.queries.ReadObjectQuery.executeObjectLevelReadQuery(ReadObjectQuery.java:554)
	at org.eclipse.persistence.queries.ObjectLevelReadQuery.executeDatabaseQuery(ObjectLevelReadQuery.java:1168)
	at org.eclipse.persistence.queries.DatabaseQuery.execute(DatabaseQuery.java:899)
	at org.eclipse.persistence.queries.ObjectLevelReadQuery.execute(ObjectLevelReadQuery.java:1127)
	at org.eclipse.persistence.queries.ReadObjectQuery.execute(ReadObjectQuery.java:431)
	at org.eclipse.persistence.internal.sessions.AbstractSession.internalExecuteQuery(AbstractSession.java:3214)
	at org.eclipse.persistence.internal.sessions.AbstractSession.executeQuery(AbstractSession.java:1804)
	at org.eclipse.persistence.internal.sessions.AbstractSession.executeQuery(AbstractSession.java:1786)
	at org.eclipse.persistence.internal.indirection.NoIndirectionPolicy.valueFromQuery(NoIndirectionPolicy.java:326)
	at org.eclipse.persistence.mappings.ForeignReferenceMapping.valueFromRowInternal(ForeignReferenceMapping.java:2294)
	at org.eclipse.persistence.mappings.OneToOneMapping.valueFromRowInternal(OneToOneMapping.java:1860)
	at org.eclipse.persistence.mappings.ForeignReferenceMapping.valueFromRow(ForeignReferenceMapping.java:2144)
	at org.eclipse.persistence.mappings.ForeignReferenceMapping.readFromRowIntoObject(ForeignReferenceMapping.java:1471)
	at org.eclipse.persistence.internal.descriptors.ObjectBuilder.buildAttributesIntoObject(ObjectBuilder.java:461)
	at org.eclipse.persistence.internal.descriptors.ObjectBuilder.buildObject(ObjectBuilder.java:1004)
	at org.eclipse.persistence.internal.descriptors.ObjectBuilder.buildObject(ObjectBuilder.java:736)
	at org.eclipse.persistence.internal.descriptors.ObjectBuilder.buildObject(ObjectBuilder.java:688)
	at org.eclipse.persistence.queries.ObjectLevelReadQuery.buildObject(ObjectLevelReadQuery.java:795)
	at org.eclipse.persistence.queries.ReadObjectQuery.executeObjectLevelReadQuery(ReadObjectQuery.java:554)
	at org.eclipse.persistence.queries.ObjectLevelReadQuery.executeDatabaseQuery(ObjectLevelReadQuery.java:1168)
	at org.eclipse.persistence.queries.DatabaseQuery.execute(DatabaseQuery.java:899)
	at org.eclipse.persistence.queries.ObjectLevelReadQuery.execute(ObjectLevelReadQuery.java:1127)
	at org.eclipse.persistence.queries.ReadObjectQuery.execute(ReadObjectQuery.java:431)
	at org.eclipse.persistence.internal.sessions.AbstractSession.internalExecuteQuery(AbstractSession.java:3214)
	at org.eclipse.persistence.internal.sessions.AbstractSession.executeQuery(AbstractSession.java:1804)
	at org.eclipse.persistence.internal.sessions.AbstractSession.executeQuery(AbstractSession.java:1786)
	at org.eclipse.persistence.internal.indirection.NoIndirectionPolicy.valueFromQuery(NoIndirectionPolicy.java:326)
	at org.eclipse.persistence.mappings.ForeignReferenceMapping.valueFromRowInternal(ForeignReferenceMapping.java:2294)
	at org.eclipse.persistence.mappings.OneToOneMapping.valueFromRowInternal(OneToOneMapping.java:1860)
	at org.eclipse.persistence.mappings.ForeignReferenceMapping.valueFromRow(ForeignReferenceMapping.java:2144)
	at org.eclipse.persistence.mappings.ForeignReferenceMapping.readFromRowIntoObject(ForeignReferenceMapping.java:1471)
	at org.eclipse.persistence.internal.descriptors.ObjectBuilder.buildAttributesIntoObject(ObjectBuilder.java:461)
	at org.eclipse.persistence.internal.descriptors.ObjectBuilder.buildObject(ObjectBuilder.java:1004)
	at org.eclipse.persistence.internal.descriptors.ObjectBuilder.buildWorkingCopyCloneNormally(ObjectBuilder.java:898)
	at org.eclipse.persistence.internal.descriptors.ObjectBuilder.buildObjectInUnitOfWork(ObjectBuilder.java:851)
	at org.eclipse.persistence.internal.descriptors.ObjectBuilder.buildObject(ObjectBuilder.java:734)
	at org.eclipse.persistence.internal.descriptors.ObjectBuilder.buildObject(ObjectBuilder.java:688)
	at org.eclipse.persistence.queries.ObjectLevelReadQuery.buildObject(ObjectLevelReadQuery.java:795)
	at org.eclipse.persistence.queries.ReadAllQuery.registerResultInUnitOfWork(ReadAllQuery.java:890)
	at org.eclipse.persistence.queries.ReadAllQuery.executeObjectLevelReadQuery(ReadAllQuery.java:509)
	at org.eclipse.persistence.queries.ObjectLevelReadQuery.executeDatabaseQuery(ObjectLevelReadQuery.java:1168)
	at org.eclipse.persistence.queries.DatabaseQuery.execute(DatabaseQuery.java:899)
	at org.eclipse.persistence.queries.ObjectLevelReadQuery.execute(ObjectLevelReadQuery.java:1127)
	at org.eclipse.persistence.queries.ReadAllQuery.execute(ReadAllQuery.java:403)
	at org.eclipse.persistence.queries.ObjectLevelReadQuery.executeInUnitOfWork(ObjectLevelReadQuery.java:1215)
	at org.eclipse.persistence.internal.sessions.UnitOfWorkImpl.internalExecuteQuery(UnitOfWorkImpl.java:2896)
	at org.eclipse.persistence.internal.sessions.AbstractSession.executeQuery(AbstractSession.java:1804)
	at org.eclipse.persistence.internal.sessions.AbstractSession.executeQuery(AbstractSession.java:1786)
	at org.eclipse.persistence.internal.sessions.AbstractSession.executeQuery(AbstractSession.java:1751)
	at org.eclipse.persistence.internal.jpa.QueryImpl.executeReadQuery(QueryImpl.java:258)
	... 35 more
Caused by: com.mysql.jdbc.exceptions.jdbc4.MySQLSyntaxErrorException: Table 'tiendaenlinea.domicilio_cuenta' doesn't exist
	at sun.reflect.NativeConstructorAccessorImpl.newInstance0(Native Method)
	at sun.reflect.NativeConstructorAccessorImpl.newInstance(NativeConstructorAccessorImpl.java:62)
	at sun.reflect.DelegatingConstructorAccessorImpl.newInstance(DelegatingConstructorAccessorImpl.java:45)
	at java.lang.reflect.Constructor.newInstance(Constructor.java:408)
	at com.mysql.jdbc.Util.handleNewInstance(Util.java:411)
	at com.mysql.jdbc.Util.getInstance(Util.java:386)
	at com.mysql.jdbc.SQLError.createSQLException(SQLError.java:1053)
	at com.mysql.jdbc.MysqlIO.checkErrorPacket(MysqlIO.java:4120)
	at com.mysql.jdbc.MysqlIO.checkErrorPacket(MysqlIO.java:4052)
	at com.mysql.jdbc.MysqlIO.sendCommand(MysqlIO.java:2503)
	at com.mysql.jdbc.MysqlIO.sqlQueryDirect(MysqlIO.java:2664)
	at com.mysql.jdbc.ConnectionImpl.execSQL(ConnectionImpl.java:2794)
	at com.mysql.jdbc.PreparedStatement.executeInternal(PreparedStatement.java:2155)
	at com.mysql.jdbc.PreparedStatement.executeQuery(PreparedStatement.java:2322)
	at org.eclipse.persistence.internal.databaseaccess.DatabaseAccessor.executeSelect(DatabaseAccessor.java:1007)
	at org.eclipse.persistence.internal.databaseaccess.DatabaseAccessor.basicExecuteCall(DatabaseAccessor.java:642)
	... 111 more
