<?xml version="1.0" encoding="UTF-8" ?>
<testsuite tests="1" failures="0" name="edu.co.sena.tiendaenlineacrood.PagoTestJPA" time="6.328" errors="1" skipped="0">
  <properties>
[...]
</properties>
  <testcase classname="edu.co.sena.tiendaenlineacrood.PagoTestJPA" name="buscarNumeroDeTarjetaDeCretido" time="6.229">
    <error message="Exception [EclipseLink-4002] (Eclipse Persistence Services - 2.5.2.v20140319-9ad6abd): org.eclipse.persistence.exceptions.DatabaseException
Internal Exception: com.mysql.jdbc.exceptions.jdbc4.MySQLSyntaxErrorException: Table &apos;tiendaenlinea.domicilio_cuenta&apos; doesn&apos;t exist
Error Code: 1146
Call: SELECT barrio, direccion, localidad, telefono, Cuenta_tipoDocumento, Cuenta_numeroDocumento, Municipio_idMunicipio FROM domicilio_cuenta WHERE ((Cuenta_tipoDocumento = ?) AND (Cuenta_numeroDocumento = ?))
	bind =&gt; [T.I, 97101306287]
Query: ReadObjectQuery(name=&quot;domicilioCuenta&quot; referenceClass=DomicilioCuenta )" type="javax.persistence.PersistenceException">javax.persistence.PersistenceException: Exception [EclipseLink-4002] (Eclipse Persistence Services - 2.5.2.v20140319-9ad6abd): org.eclipse.persistence.exceptions.DatabaseException
Internal Exception: com.mysql.jdbc.exceptions.jdbc4.MySQLSyntaxErrorException: Table &apos;tiendaenlinea.domicilio_cuenta&apos; doesn&apos;t exist
Error Code: 1146
Call: SELECT barrio, direccion, localidad, telefono, Cuenta_tipoDocumento, Cuenta_numeroDocumento, Municipio_idMunicipio FROM domicilio_cuenta WHERE ((Cuenta_tipoDocumento = ?) AND (Cuenta_numeroDocumento = ?))
	bind =&gt; [T.I, 97101306287]
Query: ReadObjectQuery(name=&quot;domicilioCuenta&quot; referenceClass=DomicilioCuenta )
	at org.eclipse.persistence.internal.jpa.QueryImpl.getDetailedException(QueryImpl.java:378)
	at org.eclipse.persistence.internal.jpa.QueryImpl.executeReadQuery(QueryImpl.java:260)
	at org.eclipse.persistence.internal.jpa.QueryImpl.getResultList(QueryImpl.java:469)
	at edu.co.sena.tiendaenlineacrood.PagoTestJPA.buscarNumeroDeTarjetaDeCretido(PagoTestJPA.java:129)
	at sun.reflect.NativeMethodAccessorImpl.invoke0(Native Method)
	at sun.reflect.NativeMethodAccessorImpl.invoke(NativeMethodAccessorImpl.java:62)
	at sun.reflect.DelegatingMethodAccessorImpl.invoke(DelegatingMethodAccessorImpl.java:43)
	at java.lang.reflect.Method.invoke(Method.java:483)
	at org.junit.runners.model.FrameworkMethod$1.runReflectiveCall(FrameworkMethod.java:45)
	at org.junit.internal.runners.model.ReflectiveCallable.run(ReflectiveCallable.java:15)
	at org.junit.runners.model.FrameworkMethod.invokeExplosively(FrameworkMethod.java:42)
	at org.junit.internal.runners.statements.InvokeMethod.evaluate(InvokeMethod.java:20)
	at org.junit.internal.runners.statements.RunBefores.evaluate(RunBefores.java:28)
	at org.junit.internal.runners.statements.RunAfters.evaluate(RunAfters.java:30)
	at org.junit.runners.ParentRunner.runLeaf(ParentRunner.java:263)
	at org.junit.runners.BlockJUnit4ClassRunner.runChild(BlockJUnit4ClassRunner.java:68)
	at org.junit.runners.BlockJUnit4ClassRunner.runChild(BlockJUnit4ClassRunner.java:47)
	at org.junit.runners.ParentRunner$3.run(ParentRunner.java:231)
	at org.junit.runners.ParentRunner$1.schedule(ParentRunner.java:60)
	at org.junit.runners.ParentRunner.runChildren(ParentRunner.java:229)
	at org.junit.runners.ParentRunner.access$000(ParentRunner.java:50)
	at org.junit.runners.ParentRunner$2.evaluate(ParentRunner.java:222)
	at org.junit.internal.runners.statements.RunBefores.evaluate(RunBefores.java:28)
	at org.junit.internal.runners.statements.RunAfters.evaluate(RunAfters.java:30)
	at org.junit.runners.ParentRunner.run(ParentRunner.java:300)
	at org.apache.maven.surefire.junit4.JUnit4TestSet.execute(JUnit4TestSet.java:45)
	at org.apache.maven.surefire.junit4.JUnit4Provider.executeTestSet(JUnit4Provider.java:123)
	at org.apache.maven.surefire.junit4.JUnit4Provider.invoke(JUnit4Provider.java:104)
	at sun.reflect.NativeMethodAccessorImpl.invoke0(Native Method)
	at sun.reflect.NativeMethodAccessorImpl.invoke(NativeMethodAccessorImpl.java:62)
	at sun.reflect.DelegatingMethodAccessorImpl.invoke(DelegatingMethodAccessorImpl.java:43)
	at java.lang.reflect.Method.invoke(Method.java:483)
	at org.apache.maven.surefire.util.ReflectionUtils.invokeMethodWithArray(ReflectionUtils.java:164)
	at org.apache.maven.surefire.booter.ProviderFactory$ProviderProxy.invoke(ProviderFactory.java:110)
	at org.apache.maven.surefire.booter.SurefireStarter.invokeProvider(SurefireStarter.java:175)
	at org.apache.maven.surefire.booter.SurefireStarter.runSuitesInProcessWhenForked(SurefireStarter.java:107)
	at org.apache.maven.surefire.booter.ForkedBooter.main(ForkedBooter.java:68)
Caused by: Exception [EclipseLink-4002] (Eclipse Persistence Services - 2.5.2.v20140319-9ad6abd): org.eclipse.persistence.exceptions.DatabaseException
Internal Exception: com.mysql.jdbc.exceptions.jdbc4.MySQLSyntaxErrorException: Table &apos;tiendaenlinea.domicilio_cuenta&apos; doesn&apos;t exist
Error Code: 1146
Call: SELECT barrio, direccion, localidad, telefono, Cuenta_tipoDocumento, Cuenta_numeroDocumento, Municipio_idMunicipio FROM domicilio_cuenta WHERE ((Cuenta_tipoDocumento = ?) AND (Cuenta_numeroDocumento = ?))
	bind =&gt; [T.I, 97101306287]
Query: ReadObjectQuery(name=&quot;domicilioCuenta&quot; referenceClass=DomicilioCuenta )
	at org.eclipse.persistence.exceptions.DatabaseException.sqlException(DatabaseException.java:340)
	at org.eclipse.persistence.internal.databaseaccess.DatabaseAccessor.basicExecuteCall(DatabaseAccessor.java:682)
	at org.eclipse.persistence.internal.databaseaccess.DatabaseAccessor.executeCall(DatabaseAccessor.java:558)
	at org.eclipse.persistence.internal.sessions.AbstractSession.basicExecuteCall(AbstractSession.java:2002)
	at org.eclipse.persistence.sessions.server.ServerSession.executeCall(ServerSession.java:570)
	at org.eclipse.persistence.internal.queries.DatasourceCallQueryMechanism.executeCall(DatasourceCallQueryMechanism.java:242)
	at org.eclipse.persistence.internal.queries.DatasourceCallQueryMechanism.executeCall(DatasourceCallQueryMechanism.java:228)
	at org.eclipse.persistence.internal.queries.DatasourceCallQueryMechanism.selectOneRow(DatasourceCallQueryMechanism.java:714)
	at org.eclipse.persistence.internal.queries.ExpressionQueryMechanism.selectOneRowFromTable(ExpressionQueryMechanism.java:2801)
	at org.eclipse.persistence.internal.queries.ExpressionQueryMechanism.selectOneRow(ExpressionQueryMechanism.java:2754)
	at org.eclipse.persistence.queries.ReadObjectQuery.executeObjectLevelReadQuery(ReadObjectQuery.java:545)
	at org.eclipse.persistence.queries.ObjectLevelReadQuery.executeDatabaseQuery(ObjectLevelReadQuery.java:1168)
	at org.eclipse.persistence.queries.DatabaseQuery.execute(DatabaseQuery.java:899)
	at org.eclipse.persistence.queries.ObjectLevelReadQuery.execute(ObjectLevelReadQuery.java:1127)
	at org.eclipse.persistence.queries.ReadObjectQuery.execute(ReadObjectQuery.java:431)
	at org.eclipse.persistence.internal.sessions.AbstractSession.internalExecuteQuery(AbstractSession.java:3214)
	at org.eclipse.persistence.internal.sessions.AbstractSession.executeQuery(AbstractSession.java:1804)
	at org.eclipse.persistence.internal.sessions.AbstractSession.executeQuery(AbstractSession.java:1786)
	at org.eclipse.persistence.internal.indirection.NoIndirectionPolicy.valueFromQuery(NoIndirectionPolicy.java:326)
	at org.eclipse.persistence.mappings.ForeignReferenceMapping.valueFromRowInternal(ForeignReferenceMapping.java:2294)
	at org.eclipse.persistence.mappings.OneToOneMapping.valueFromRowInternal(OneToOneMapping.java:1860)
	at org.eclipse.persistence.mappings.ForeignReferenceMapping.valueFromRow(ForeignReferenceMapping.java:2144)
	at org.eclipse.persistence.mappings.ForeignReferenceMapping.readFromRowIntoObject(ForeignReferenceMapping.java:1471)
	at org.eclipse.persistence.internal.descriptors.ObjectBuilder.buildAttributesIntoObject(ObjectBuilder.java:461)
	at org.eclipse.persistence.internal.descriptors.ObjectBuilder.buildObject(ObjectBuilder.java:1004)
	at org.eclipse.persistence.internal.descriptors.ObjectBuilder.buildObject(ObjectBuilder.java:736)
	at org.eclipse.persistence.internal.descriptors.ObjectBuilder.buildObject(ObjectBuilder.java:688)
	at org.eclipse.persistence.queries.ObjectLevelReadQuery.buildObject(ObjectLevelReadQuery.java:795)
	at org.eclipse.persistence.queries.ReadObjectQuery.executeObjectLevelReadQuery(ReadObjectQuery.java:554)
	at org.eclipse.persistence.queries.ObjectLevelReadQuery.executeDatabaseQuery(ObjectLevelReadQuery.java:1168)
	at org.eclipse.persistence.queries.DatabaseQuery.execute(DatabaseQuery.java:899)
	at org.eclipse.persistence.queries.ObjectLevelReadQuery.execute(ObjectLevelReadQuery.java:1127)
	at org.eclipse.persistence.queries.ReadObjectQuery.execute(ReadObjectQuery.java:431)
	at org.eclipse.persistence.internal.sessions.AbstractSession.internalExecuteQuery(AbstractSession.java:3214)
	at org.eclipse.persistence.internal.sessions.AbstractSession.executeQuery(AbstractSession.java:1804)
	at org.eclipse.persistence.internal.sessions.AbstractSession.executeQuery(AbstractSession.java:1786)
	at org.eclipse.persistence.internal.indirection.NoIndirectionPolicy.valueFromQuery(NoIndirectionPolicy.java:326)
	at org.eclipse.persistence.mappings.ForeignReferenceMapping.valueFromRowInternal(ForeignReferenceMapping.java:2294)
	at org.eclipse.persistence.mappings.OneToOneMapping.valueFromRowInternal(OneToOneMapping.java:1860)
	at org.eclipse.persistence.mappings.ForeignReferenceMapping.valueFromRow(ForeignReferenceMapping.java:2144)
	at org.eclipse.persistence.mappings.ForeignReferenceMapping.readFromRowIntoObject(ForeignReferenceMapping.java:1471)
	at org.eclipse.persistence.internal.descriptors.ObjectBuilder.buildAttributesIntoObject(ObjectBuilder.java:461)
	at org.eclipse.persistence.internal.descriptors.ObjectBuilder.buildObject(ObjectBuilder.java:1004)
	at org.eclipse.persistence.internal.descriptors.ObjectBuilder.buildObject(ObjectBuilder.java:736)
	at org.eclipse.persistence.internal.descriptors.ObjectBuilder.buildObject(ObjectBuilder.java:688)
	at org.eclipse.persistence.queries.ObjectLevelReadQuery.buildObject(ObjectLevelReadQuery.java:795)
	at org.eclipse.persistence.queries.ReadObjectQuery.executeObjectLevelReadQuery(ReadObjectQuery.java:554)
	at org.eclipse.persistence.queries.ObjectLevelReadQuery.executeDatabaseQuery(ObjectLevelReadQuery.java:1168)
	at org.eclipse.persistence.queries.DatabaseQuery.execute(DatabaseQuery.java:899)
	at org.eclipse.persistence.queries.ObjectLevelReadQuery.execute(ObjectLevelReadQuery.java:1127)
	at org.eclipse.persistence.queries.ReadObjectQuery.execute(ReadObjectQuery.java:431)
	at org.eclipse.persistence.internal.sessions.AbstractSession.internalExecuteQuery(AbstractSession.java:3214)
	at org.eclipse.persistence.internal.sessions.AbstractSession.executeQuery(AbstractSession.java:1804)
	at org.eclipse.persistence.internal.sessions.AbstractSession.executeQuery(AbstractSession.java:1786)
	at org.eclipse.persistence.internal.indirection.NoIndirectionPolicy.valueFromQuery(NoIndirectionPolicy.java:326)
	at org.eclipse.persistence.mappings.ForeignReferenceMapping.valueFromRowInternal(ForeignReferenceMapping.java:2294)
	at org.eclipse.persistence.mappings.OneToOneMapping.valueFromRowInternal(OneToOneMapping.java:1860)
	at org.eclipse.persistence.mappings.ForeignReferenceMapping.valueFromRow(ForeignReferenceMapping.java:2144)
	at org.eclipse.persistence.mappings.ForeignReferenceMapping.readFromRowIntoObject(ForeignReferenceMapping.java:1471)
	at org.eclipse.persistence.internal.descriptors.ObjectBuilder.buildAttributesIntoObject(ObjectBuilder.java:461)
	at org.eclipse.persistence.internal.descriptors.ObjectBuilder.buildObject(ObjectBuilder.java:1004)
	at org.eclipse.persistence.internal.descriptors.ObjectBuilder.buildWorkingCopyCloneNormally(ObjectBuilder.java:898)
	at org.eclipse.persistence.internal.descriptors.ObjectBuilder.buildObjectInUnitOfWork(ObjectBuilder.java:851)
	at org.eclipse.persistence.internal.descriptors.ObjectBuilder.buildObject(ObjectBuilder.java:734)
	at org.eclipse.persistence.internal.descriptors.ObjectBuilder.buildObject(ObjectBuilder.java:688)
	at org.eclipse.persistence.queries.ObjectLevelReadQuery.buildObject(ObjectLevelReadQuery.java:795)
	at org.eclipse.persistence.queries.ReadAllQuery.registerResultInUnitOfWork(ReadAllQuery.java:890)
	at org.eclipse.persistence.queries.ReadAllQuery.executeObjectLevelReadQuery(ReadAllQuery.java:509)
	at org.eclipse.persistence.queries.ObjectLevelReadQuery.executeDatabaseQuery(ObjectLevelReadQuery.java:1168)
	at org.eclipse.persistence.queries.DatabaseQuery.execute(DatabaseQuery.java:899)
	at org.eclipse.persistence.queries.ObjectLevelReadQuery.execute(ObjectLevelReadQuery.java:1127)
	at org.eclipse.persistence.queries.ReadAllQuery.execute(ReadAllQuery.java:403)
	at org.eclipse.persistence.queries.ObjectLevelReadQuery.executeInUnitOfWork(ObjectLevelReadQuery.java:1215)
	at org.eclipse.persistence.internal.sessions.UnitOfWorkImpl.internalExecuteQuery(UnitOfWorkImpl.java:2896)
	at org.eclipse.persistence.internal.sessions.AbstractSession.executeQuery(AbstractSession.java:1804)
	at org.eclipse.persistence.internal.sessions.AbstractSession.executeQuery(AbstractSession.java:1786)
	at org.eclipse.persistence.internal.sessions.AbstractSession.executeQuery(AbstractSession.java:1751)
	at org.eclipse.persistence.internal.jpa.QueryImpl.executeReadQuery(QueryImpl.java:258)
	... 35 more
Caused by: com.mysql.jdbc.exceptions.jdbc4.MySQLSyntaxErrorException: Table &apos;tiendaenlinea.domicilio_cuenta&apos; doesn&apos;t exist
	at sun.reflect.NativeConstructorAccessorImpl.newInstance0(Native Method)
	at sun.reflect.NativeConstructorAccessorImpl.newInstance(NativeConstructorAccessorImpl.java:62)
	at sun.reflect.DelegatingConstructorAccessorImpl.newInstance(DelegatingConstructorAccessorImpl.java:45)
	at java.lang.reflect.Constructor.newInstance(Constructor.java:408)
	at com.mysql.jdbc.Util.handleNewInstance(Util.java:411)
	at com.mysql.jdbc.Util.getInstance(Util.java:386)
	at com.mysql.jdbc.SQLError.createSQLException(SQLError.java:1053)
	at com.mysql.jdbc.MysqlIO.checkErrorPacket(MysqlIO.java:4120)
	at com.mysql.jdbc.MysqlIO.checkErrorPacket(MysqlIO.java:4052)
	at com.mysql.jdbc.MysqlIO.sendCommand(MysqlIO.java:2503)
	at com.mysql.jdbc.MysqlIO.sqlQueryDirect(MysqlIO.java:2664)
	at com.mysql.jdbc.ConnectionImpl.execSQL(ConnectionImpl.java:2794)
	at com.mysql.jdbc.PreparedStatement.executeInternal(PreparedStatement.java:2155)
	at com.mysql.jdbc.PreparedStatement.executeQuery(PreparedStatement.java:2322)
	at org.eclipse.persistence.internal.databaseaccess.DatabaseAccessor.executeSelect(DatabaseAccessor.java:1007)
	at org.eclipse.persistence.internal.databaseaccess.DatabaseAccessor.basicExecuteCall(DatabaseAccessor.java:642)
	... 111 more
</error>
    <system-out>[EL Config]: metadata: 2015-04-20 23:11:57.048--ServerSession(12087621)--Thread(Thread[main,5,main])--The access type for the persistent class [class edu.co.sena.tiendaenlineacrood.ItemCarrito] is set to [FIELD].
[EL Config]: metadata: 2015-04-20 23:11:57.107--ServerSession(12087621)--Thread(Thread[main,5,main])--The target entity (reference) class for the many to one mapping element [field carritodecompras] is being defaulted to: class edu.co.sena.tiendaenlineacrood.Carritodecompras.
[EL Config]: metadata: 2015-04-20 23:11:57.125--ServerSession(12087621)--Thread(Thread[main,5,main])--The target entity (reference) class for the many to one mapping element [field producto] is being defaulted to: class edu.co.sena.tiendaenlineacrood.Producto.
[EL Config]: metadata: 2015-04-20 23:11:57.125--ServerSession(12087621)--Thread(Thread[main,5,main])--The access type for the persistent class [class edu.co.sena.tiendaenlineacrood.DomicilioProveedor] is set to [FIELD].
[EL Config]: metadata: 2015-04-20 23:11:57.139--ServerSession(12087621)--Thread(Thread[main,5,main])--The target entity (reference) class for the many to one mapping element [field municipioidMunicipio] is being defaulted to: class edu.co.sena.tiendaenlineacrood.Municipio.
[EL Config]: metadata: 2015-04-20 23:11:57.14--ServerSession(12087621)--Thread(Thread[main,5,main])--The target entity (reference) class for the one to one mapping element [field proveedor] is being defaulted to: class edu.co.sena.tiendaenlineacrood.Proveedor.
[EL Config]: metadata: 2015-04-20 23:11:57.141--ServerSession(12087621)--Thread(Thread[main,5,main])--The access type for the persistent class [class edu.co.sena.tiendaenlineacrood.Item] is set to [FIELD].
[EL Config]: metadata: 2015-04-20 23:11:57.146--ServerSession(12087621)--Thread(Thread[main,5,main])--The target entity (reference) class for the many to one mapping element [field pedido] is being defaulted to: class edu.co.sena.tiendaenlineacrood.Pedido.
[EL Config]: metadata: 2015-04-20 23:11:57.147--ServerSession(12087621)--Thread(Thread[main,5,main])--The target entity (reference) class for the many to one mapping element [field producto] is being defaulted to: class edu.co.sena.tiendaenlineacrood.Producto.
[EL Config]: metadata: 2015-04-20 23:11:57.147--ServerSession(12087621)--Thread(Thread[main,5,main])--The access type for the persistent class [class edu.co.sena.tiendaenlineacrood.Factura] is set to [FIELD].
[EL Config]: metadata: 2015-04-20 23:11:57.155--ServerSession(12087621)--Thread(Thread[main,5,main])--The target entity (reference) class for the many to one mapping element [field cuenta] is being defaulted to: class edu.co.sena.tiendaenlineacrood.Cuenta.
[EL Config]: metadata: 2015-04-20 23:11:57.155--ServerSession(12087621)--Thread(Thread[main,5,main])--The target entity (reference) class for the one to one mapping element [field pedido] is being defaulted to: class edu.co.sena.tiendaenlineacrood.Pedido.
[EL Config]: metadata: 2015-04-20 23:11:57.156--ServerSession(12087621)--Thread(Thread[main,5,main])--The target entity (reference) class for the one to one mapping element [field pago] is being defaulted to: class edu.co.sena.tiendaenlineacrood.Pago.
[EL Config]: metadata: 2015-04-20 23:11:57.156--ServerSession(12087621)--Thread(Thread[main,5,main])--The access type for the persistent class [class edu.co.sena.tiendaenlineacrood.Categoria] is set to [FIELD].
[EL Config]: metadata: 2015-04-20 23:11:57.174--ServerSession(12087621)--Thread(Thread[main,5,main])--The target entity (reference) class for the one to many mapping element [field productoCollection] is being defaulted to: class edu.co.sena.tiendaenlineacrood.Producto.
[EL Config]: metadata: 2015-04-20 23:11:57.175--ServerSession(12087621)--Thread(Thread[main,5,main])--The access type for the persistent class [class edu.co.sena.tiendaenlineacrood.Usuario] is set to [FIELD].
[EL Config]: metadata: 2015-04-20 23:11:57.175--ServerSession(12087621)--Thread(Thread[main,5,main])--The target entity (reference) class for the one to many mapping element [field cuentaCollection] is being defaulted to: class edu.co.sena.tiendaenlineacrood.Cuenta.
[EL Config]: metadata: 2015-04-20 23:11:57.175--ServerSession(12087621)--Thread(Thread[main,5,main])--The access type for the persistent class [class edu.co.sena.tiendaenlineacrood.Carritodecompras] is set to [FIELD].
[EL Config]: metadata: 2015-04-20 23:11:57.176--ServerSession(12087621)--Thread(Thread[main,5,main])--The target entity (reference) class for the one to many mapping element [field itemCarritoCollection] is being defaulted to: class edu.co.sena.tiendaenlineacrood.ItemCarrito.
[EL Config]: metadata: 2015-04-20 23:11:57.176--ServerSession(12087621)--Thread(Thread[main,5,main])--The access type for the persistent class [class edu.co.sena.tiendaenlineacrood.DomicilioCuenta] is set to [FIELD].
[EL Config]: metadata: 2015-04-20 23:11:57.176--ServerSession(12087621)--Thread(Thread[main,5,main])--The target entity (reference) class for the many to one mapping element [field municipioidMunicipio] is being defaulted to: class edu.co.sena.tiendaenlineacrood.Municipio.
[EL Config]: metadata: 2015-04-20 23:11:57.177--ServerSession(12087621)--Thread(Thread[main,5,main])--The target entity (reference) class for the one to one mapping element [field cuenta] is being defaulted to: class edu.co.sena.tiendaenlineacrood.Cuenta.
[EL Config]: metadata: 2015-04-20 23:11:57.18--ServerSession(12087621)--Thread(Thread[main,5,main])--The access type for the persistent class [class edu.co.sena.tiendaenlineacrood.Departamento] is set to [FIELD].
[EL Config]: metadata: 2015-04-20 23:11:57.181--ServerSession(12087621)--Thread(Thread[main,5,main])--The target entity (reference) class for the one to many mapping element [field municipioCollection] is being defaulted to: class edu.co.sena.tiendaenlineacrood.Municipio.
[EL Config]: metadata: 2015-04-20 23:11:57.181--ServerSession(12087621)--Thread(Thread[main,5,main])--The access type for the persistent class [class edu.co.sena.tiendaenlineacrood.Pedido] is set to [FIELD].
[EL Config]: metadata: 2015-04-20 23:11:57.181--ServerSession(12087621)--Thread(Thread[main,5,main])--The target entity (reference) class for the one to one mapping element [field factura] is being defaulted to: class edu.co.sena.tiendaenlineacrood.Factura.
[EL Config]: metadata: 2015-04-20 23:11:57.182--ServerSession(12087621)--Thread(Thread[main,5,main])--The target entity (reference) class for the one to many mapping element [field itemCollection] is being defaulted to: class edu.co.sena.tiendaenlineacrood.Item.
[EL Config]: metadata: 2015-04-20 23:11:57.183--ServerSession(12087621)--Thread(Thread[main,5,main])--The access type for the persistent class [class edu.co.sena.tiendaenlineacrood.Proveedor] is set to [FIELD].
[EL Config]: metadata: 2015-04-20 23:11:57.185--ServerSession(12087621)--Thread(Thread[main,5,main])--The target entity (reference) class for the one to one mapping element [field domicilioProveedor] is being defaulted to: class edu.co.sena.tiendaenlineacrood.DomicilioProveedor.
[EL Config]: metadata: 2015-04-20 23:11:57.186--ServerSession(12087621)--Thread(Thread[main,5,main])--The target entity (reference) class for the one to many mapping element [field inventarioCollection] is being defaulted to: class edu.co.sena.tiendaenlineacrood.Inventario.
[EL Config]: metadata: 2015-04-20 23:11:57.186--ServerSession(12087621)--Thread(Thread[main,5,main])--The access type for the persistent class [class edu.co.sena.tiendaenlineacrood.Municipio] is set to [FIELD].
[EL Config]: metadata: 2015-04-20 23:11:57.186--ServerSession(12087621)--Thread(Thread[main,5,main])--The target entity (reference) class for the one to many mapping element [field domicilioCuentaCollection] is being defaulted to: class edu.co.sena.tiendaenlineacrood.DomicilioCuenta.
[EL Config]: metadata: 2015-04-20 23:11:57.187--ServerSession(12087621)--Thread(Thread[main,5,main])--The target entity (reference) class for the one to many mapping element [field domicilioProveedorCollection] is being defaulted to: class edu.co.sena.tiendaenlineacrood.DomicilioProveedor.
[EL Config]: metadata: 2015-04-20 23:11:57.188--ServerSession(12087621)--Thread(Thread[main,5,main])--The target entity (reference) class for the many to one mapping element [field departamentoidDepartamento] is being defaulted to: class edu.co.sena.tiendaenlineacrood.Departamento.
[EL Config]: metadata: 2015-04-20 23:11:57.188--ServerSession(12087621)--Thread(Thread[main,5,main])--The access type for the persistent class [class edu.co.sena.tiendaenlineacrood.Inventario] is set to [FIELD].
[EL Config]: metadata: 2015-04-20 23:11:57.19--ServerSession(12087621)--Thread(Thread[main,5,main])--The target entity (reference) class for the many to one mapping element [field proveedor] is being defaulted to: class edu.co.sena.tiendaenlineacrood.Proveedor.
[EL Config]: metadata: 2015-04-20 23:11:57.191--ServerSession(12087621)--Thread(Thread[main,5,main])--The target entity (reference) class for the many to one mapping element [field producto] is being defaulted to: class edu.co.sena.tiendaenlineacrood.Producto.
[EL Config]: metadata: 2015-04-20 23:11:57.191--ServerSession(12087621)--Thread(Thread[main,5,main])--The access type for the persistent class [class edu.co.sena.tiendaenlineacrood.Cuenta] is set to [FIELD].
[EL Config]: metadata: 2015-04-20 23:11:57.191--ServerSession(12087621)--Thread(Thread[main,5,main])--The target entity (reference) class for the one to one mapping element [field domicilioCuenta] is being defaulted to: class edu.co.sena.tiendaenlineacrood.DomicilioCuenta.
[EL Config]: metadata: 2015-04-20 23:11:57.192--ServerSession(12087621)--Thread(Thread[main,5,main])--The target entity (reference) class for the many to one mapping element [field usuarioidUsuario] is being defaulted to: class edu.co.sena.tiendaenlineacrood.Usuario.
[EL Config]: metadata: 2015-04-20 23:11:57.194--ServerSession(12087621)--Thread(Thread[main,5,main])--The target entity (reference) class for the one to many mapping element [field facturaCollection] is being defaulted to: class edu.co.sena.tiendaenlineacrood.Factura.
[EL Config]: metadata: 2015-04-20 23:11:57.194--ServerSession(12087621)--Thread(Thread[main,5,main])--The access type for the persistent class [class edu.co.sena.tiendaenlineacrood.Producto] is set to [FIELD].
[EL Config]: metadata: 2015-04-20 23:11:57.194--ServerSession(12087621)--Thread(Thread[main,5,main])--The target entity (reference) class for the one to many mapping element [field itemCollection] is being defaulted to: class edu.co.sena.tiendaenlineacrood.Item.
[EL Config]: metadata: 2015-04-20 23:11:57.195--ServerSession(12087621)--Thread(Thread[main,5,main])--The target entity (reference) class for the many to one mapping element [field categoriaidCategoria] is being defaulted to: class edu.co.sena.tiendaenlineacrood.Categoria.
[EL Config]: metadata: 2015-04-20 23:11:57.196--ServerSession(12087621)--Thread(Thread[main,5,main])--The target entity (reference) class for the one to many mapping element [field inventarioCollection] is being defaulted to: class edu.co.sena.tiendaenlineacrood.Inventario.
[EL Config]: metadata: 2015-04-20 23:11:57.197--ServerSession(12087621)--Thread(Thread[main,5,main])--The target entity (reference) class for the one to many mapping element [field itemCarritoCollection] is being defaulted to: class edu.co.sena.tiendaenlineacrood.ItemCarrito.
[EL Config]: metadata: 2015-04-20 23:11:57.197--ServerSession(12087621)--Thread(Thread[main,5,main])--The access type for the persistent class [class edu.co.sena.tiendaenlineacrood.Pago] is set to [FIELD].
[EL Config]: metadata: 2015-04-20 23:11:57.197--ServerSession(12087621)--Thread(Thread[main,5,main])--The target entity (reference) class for the one to one mapping element [field factura] is being defaulted to: class edu.co.sena.tiendaenlineacrood.Factura.
[EL Config]: metadata: 2015-04-20 23:11:57.198--ServerSession(12087621)--Thread(Thread[main,5,main])--The access type for the persistent class [class edu.co.sena.tiendaenlineacrood.DomicilioProveedorPK] is set to [FIELD].
[EL Config]: metadata: 2015-04-20 23:11:57.199--ServerSession(12087621)--Thread(Thread[main,5,main])--The access type for the persistent class [class edu.co.sena.tiendaenlineacrood.ItemPK] is set to [FIELD].
[EL Config]: metadata: 2015-04-20 23:11:57.199--ServerSession(12087621)--Thread(Thread[main,5,main])--The access type for the persistent class [class edu.co.sena.tiendaenlineacrood.ProveedorPK] is set to [FIELD].
[EL Config]: metadata: 2015-04-20 23:11:57.2--ServerSession(12087621)--Thread(Thread[main,5,main])--The access type for the persistent class [class edu.co.sena.tiendaenlineacrood.CuentaPK] is set to [FIELD].
[EL Config]: metadata: 2015-04-20 23:11:57.2--ServerSession(12087621)--Thread(Thread[main,5,main])--The access type for the persistent class [class edu.co.sena.tiendaenlineacrood.DomicilioCuentaPK] is set to [FIELD].
[EL Config]: metadata: 2015-04-20 23:11:57.201--ServerSession(12087621)--Thread(Thread[main,5,main])--The access type for the persistent class [class edu.co.sena.tiendaenlineacrood.ItemCarritoPK] is set to [FIELD].
[EL Config]: metadata: 2015-04-20 23:11:57.201--ServerSession(12087621)--Thread(Thread[main,5,main])--The access type for the persistent class [class edu.co.sena.tiendaenlineacrood.InventarioPK] is set to [FIELD].
[EL Config]: metadata: 2015-04-20 23:11:57.202--ServerSession(12087621)--Thread(Thread[main,5,main])--The alias name for the entity class [class edu.co.sena.tiendaenlineacrood.ItemCarrito] is being defaulted to: ItemCarrito.
[EL Config]: metadata: 2015-04-20 23:11:57.25--ServerSession(12087621)--Thread(Thread[main,5,main])--The alias name for the entity class [class edu.co.sena.tiendaenlineacrood.DomicilioProveedor] is being defaulted to: DomicilioProveedor.
[EL Config]: metadata: 2015-04-20 23:11:57.251--ServerSession(12087621)--Thread(Thread[main,5,main])--The alias name for the entity class [class edu.co.sena.tiendaenlineacrood.Item] is being defaulted to: Item.
[EL Config]: metadata: 2015-04-20 23:11:57.251--ServerSession(12087621)--Thread(Thread[main,5,main])--The alias name for the entity class [class edu.co.sena.tiendaenlineacrood.Factura] is being defaulted to: Factura.
[EL Config]: metadata: 2015-04-20 23:11:57.256--ServerSession(12087621)--Thread(Thread[main,5,main])--The alias name for the entity class [class edu.co.sena.tiendaenlineacrood.Categoria] is being defaulted to: Categoria.
[EL Config]: metadata: 2015-04-20 23:11:57.257--ServerSession(12087621)--Thread(Thread[main,5,main])--The alias name for the entity class [class edu.co.sena.tiendaenlineacrood.Usuario] is being defaulted to: Usuario.
[EL Config]: metadata: 2015-04-20 23:11:57.258--ServerSession(12087621)--Thread(Thread[main,5,main])--The alias name for the entity class [class edu.co.sena.tiendaenlineacrood.Carritodecompras] is being defaulted to: Carritodecompras.
[EL Config]: metadata: 2015-04-20 23:11:57.259--ServerSession(12087621)--Thread(Thread[main,5,main])--The alias name for the entity class [class edu.co.sena.tiendaenlineacrood.DomicilioCuenta] is being defaulted to: DomicilioCuenta.
[EL Config]: metadata: 2015-04-20 23:11:57.26--ServerSession(12087621)--Thread(Thread[main,5,main])--The alias name for the entity class [class edu.co.sena.tiendaenlineacrood.Departamento] is being defaulted to: Departamento.
[EL Config]: metadata: 2015-04-20 23:11:57.261--ServerSession(12087621)--Thread(Thread[main,5,main])--The alias name for the entity class [class edu.co.sena.tiendaenlineacrood.Pedido] is being defaulted to: Pedido.
[EL Config]: metadata: 2015-04-20 23:11:57.262--ServerSession(12087621)--Thread(Thread[main,5,main])--The alias name for the entity class [class edu.co.sena.tiendaenlineacrood.Proveedor] is being defaulted to: Proveedor.
[EL Config]: metadata: 2015-04-20 23:11:57.264--ServerSession(12087621)--Thread(Thread[main,5,main])--The alias name for the entity class [class edu.co.sena.tiendaenlineacrood.Municipio] is being defaulted to: Municipio.
[EL Config]: metadata: 2015-04-20 23:11:57.267--ServerSession(12087621)--Thread(Thread[main,5,main])--The alias name for the entity class [class edu.co.sena.tiendaenlineacrood.Inventario] is being defaulted to: Inventario.
[EL Config]: metadata: 2015-04-20 23:11:57.268--ServerSession(12087621)--Thread(Thread[main,5,main])--The alias name for the entity class [class edu.co.sena.tiendaenlineacrood.Cuenta] is being defaulted to: Cuenta.
[EL Config]: metadata: 2015-04-20 23:11:57.268--ServerSession(12087621)--Thread(Thread[main,5,main])--The alias name for the entity class [class edu.co.sena.tiendaenlineacrood.Producto] is being defaulted to: Producto.
[EL Config]: metadata: 2015-04-20 23:11:57.27--ServerSession(12087621)--Thread(Thread[main,5,main])--The alias name for the entity class [class edu.co.sena.tiendaenlineacrood.Pago] is being defaulted to: Pago.
[EL Info]: 2015-04-20 23:11:58.989--ServerSession(12087621)--Thread(Thread[main,5,main])--EclipseLink, version: Eclipse Persistence Services - 2.5.2.v20140319-9ad6abd
[EL Fine]: connection: 2015-04-20 23:11:59.506--Thread(Thread[main,5,main])--Detected database platform: org.eclipse.persistence.platform.database.MySQLPlatform
[EL Config]: connection: 2015-04-20 23:11:59.522--ServerSession(12087621)--Connection(29315991)--Thread(Thread[main,5,main])--connecting(DatabaseLogin(
	platform=&gt;MySQLPlatform
	user name=&gt; &quot;root&quot;
	datasource URL=&gt; &quot;jdbc:mysql://localhost:3306/tiendaenlinea?zeroDateTimeBehavior=convertToNull&quot;
))
[EL Config]: connection: 2015-04-20 23:11:59.538--ServerSession(12087621)--Connection(28384967)--Thread(Thread[main,5,main])--Connected: jdbc:mysql://localhost:3306/tiendaenlinea?zeroDateTimeBehavior=convertToNull
	User: root@localhost
	Database: MySQL  Version: 5.6.19
	Driver: MySQL-AB JDBC Driver  Version: mysql-connector-java-5.1.23 ( Revision: ${bzr.revision-id} )
[EL Info]: connection: 2015-04-20 23:11:59.776--ServerSession(12087621)--Thread(Thread[main,5,main])--file:/E:/archivo/TiendaEnLineaCrood/target/classes/_edu.co.sena_TiendaEnLineaCrood_jar_1.0-SNAPSHOTPU login successful
[EL Fine]: sql: 2015-04-20 23:11:59.891--ServerSession(12087621)--Connection(28384967)--Thread(Thread[main,5,main])--SELECT Factura_idFactura, banco, numTarCredito, tipoCuentaTar, tipoTransaccion FROM pago WHERE (numTarCredito = ?)
	bind =&gt; [454103454210]
[EL Fine]: sql: 2015-04-20 23:11:59.926--ServerSession(12087621)--Connection(28384967)--Thread(Thread[main,5,main])--SELECT idFactura, fecha, total, Cuenta_tipoDocumento, Cuenta_numeroDocumento FROM factura WHERE (idFactura = ?)
	bind =&gt; [1]
[EL Fine]: sql: 2015-04-20 23:11:59.95--ServerSession(12087621)--Connection(28384967)--Thread(Thread[main,5,main])--SELECT primerApellido, primerNombre, segundoApellido, segundoNombre, tipoDocumento, numeroDocumento, Usuario_idUsuario FROM cuenta WHERE ((tipoDocumento = ?) AND (numeroDocumento = ?))
	bind =&gt; [T.I, 97101306287]
[EL Fine]: sql: 2015-04-20 23:11:59.951--ServerSession(12087621)--Connection(28384967)--Thread(Thread[main,5,main])--SELECT idUsuario, contrasena, email, estado, rol FROM usuario WHERE (idUsuario = ?)
	bind =&gt; [1]
[EL Fine]: sql: 2015-04-20 23:11:59.955--ServerSession(12087621)--Connection(28384967)--Thread(Thread[main,5,main])--SELECT barrio, direccion, localidad, telefono, Cuenta_tipoDocumento, Cuenta_numeroDocumento, Municipio_idMunicipio FROM domicilio_cuenta WHERE ((Cuenta_tipoDocumento = ?) AND (Cuenta_numeroDocumento = ?))
	bind =&gt; [T.I, 97101306287]
[EL Fine]: sql: 2015-04-20 23:11:59.985--ServerSession(12087621)--Thread(Thread[main,5,main])--SELECT 1
[EL Warning]: 2015-04-20 23:11:59.987--ServerSession(12087621)--Thread(Thread[main,5,main])--Exception [EclipseLink-4002] (Eclipse Persistence Services - 2.5.2.v20140319-9ad6abd): org.eclipse.persistence.exceptions.DatabaseException
Internal Exception: com.mysql.jdbc.exceptions.jdbc4.MySQLSyntaxErrorException: Table &apos;tiendaenlinea.domicilio_cuenta&apos; doesn&apos;t exist
Error Code: 1146
Call: SELECT barrio, direccion, localidad, telefono, Cuenta_tipoDocumento, Cuenta_numeroDocumento, Municipio_idMunicipio FROM domicilio_cuenta WHERE ((Cuenta_tipoDocumento = ?) AND (Cuenta_numeroDocumento = ?))
	bind =&gt; [T.I, 97101306287]
Query: ReadObjectQuery(name=&quot;domicilioCuenta&quot; referenceClass=DomicilioCuenta )
</system-out>
  </testcase>
</testsuite>